<?xml version="1.0" encoding="UTF-8"?>
<!-- Generated by org.testng.reporters.JUnitReportReporter -->
<testsuite hostname="suharika" failures="0" tests="10" name="selenium7.parallel" time="0.062" errors="0" timestamp="2024-01-26T09:45:50 IST" skipped="0">
  <testcase classname="selenium7.parallel" name="f1" time="0.000"/>
  <system-out/>
  <testcase classname="selenium7.parallel" name="f1" time="0.008"/>
  <system-out/>
  <testcase classname="selenium7.parallel" name="f1" time="0.013"/>
  <system-out/>
  <testcase classname="selenium7.parallel" name="f" time="0.001"/>
  <system-out/>
  <testcase classname="selenium7.parallel" name="f" time="0.005"/>
  <system-out/>
  <testcase classname="selenium7.parallel" name="f" time="0.004"/>
  <system-out/>
  <testcase classname="selenium7.parallel" name="f1" time="0.012"/>
  <system-out/>
  <testcase classname="selenium7.parallel" name="f" time="0.004"/>
  <system-out/>
  <testcase classname="selenium7.parallel" name="f" time="0.002"/>
  <system-out/>
  <testcase classname="selenium7.parallel" name="f1" time="0.013"/>
  <system-out/>
</testsuite> <!-- selenium7.parallel -->
