<?xml version="1.0" encoding="UTF-8"?>
<!-- Generated by org.testng.reporters.JUnitReportReporter -->
<testsuite hostname="suharika" failures="0" tests="1" name="selenium6.jsclick" time="10.596" errors="0" timestamp="2024-01-26T09:45:50 IST" skipped="0">
  <testcase classname="selenium6.jsclick" name="f" time="10.596"/>
  <system-out/>
</testsuite> <!-- selenium6.jsclick -->
