<?xml version="1.0" encoding="UTF-8"?>
<!-- Generated by org.testng.reporters.JUnitReportReporter -->
<testsuite hostname="suharika" failures="0" tests="2" name="selenium6.NewTest" time="0.018" errors="0" timestamp="2024-01-26T09:45:50 IST" skipped="0">
  <testcase classname="selenium6.NewTest" name="f" time="0.011"/>
  <system-out/>
  <testcase classname="selenium6.NewTest" name="f1" time="0.007"/>
  <system-out/>
</testsuite> <!-- selenium6.NewTest -->
